Pick a item for MODELS
    1. kvim3_android
Which would you select? function kvim3_android_build_android() { echo -e "\033[1;36mrun\033[0m kvim3_android_envsetup"; kvim3_android_envsetup; echo -e "\033[1;36mrun\033[0m PATH=/opt/toolchains/gcc-linaro-6.3.1-2017.02-x86_64_arm-linux-gnueabihf/bin:/opt/toolchains/gcc-linaro-6.3.1-2017.02-x86_64_aarch64-linux-gnu/bin:/home/igsong/.local/bin:/home/igsong/bin:/usr/local/sbin:/usr/local/bin:/usr/sbin:/usr/bin:/sbin:/bin:/usr/games:/usr/local/games:/snap/bin make -C ${ANDROID_BUILD_TOP} -j12"; PATH=/opt/toolchains/gcc-linaro-6.3.1-2017.02-x86_64_arm-linux-gnueabihf/bin:/opt/toolchains/gcc-linaro-6.3.1-2017.02-x86_64_aarch64-linux-gnu/bin:/home/igsong/.local/bin:/home/igsong/bin:/usr/local/sbin:/usr/local/bin:/usr/sbin:/usr/bin:/sbin:/bin:/usr/games:/usr/local/games:/snap/bin make -C ${ANDROID_BUILD_TOP} -j12; }
function kvim3_android_build_kernel() { echo -e "\033[1;36mrun\033[0m kvim3_android_envsetup"; kvim3_android_envsetup; echo -e "\033[1;36mrun\033[0m PATH=/opt/toolchains/gcc-linaro-6.3.1-2017.02-x86_64_arm-linux-gnueabihf/bin:/opt/toolchains/gcc-linaro-6.3.1-2017.02-x86_64_aarch64-linux-gnu/bin:/home/igsong/.local/bin:/home/igsong/bin:/usr/local/sbin:/usr/local/bin:/usr/sbin:/usr/bin:/sbin:/bin:/usr/games:/usr/local/games:/snap/bin make bootimage -C ${ANDROID_BUILD_TOP} -j12"; PATH=/opt/toolchains/gcc-linaro-6.3.1-2017.02-x86_64_arm-linux-gnueabihf/bin:/opt/toolchains/gcc-linaro-6.3.1-2017.02-x86_64_aarch64-linux-gnu/bin:/home/igsong/.local/bin:/home/igsong/bin:/usr/local/sbin:/usr/local/bin:/usr/sbin:/usr/bin:/sbin:/bin:/usr/games:/usr/local/games:/snap/bin make bootimage -C ${ANDROID_BUILD_TOP} -j12; }
function kvim3_android_build_otapackage() { echo -e "\033[1;36mrun\033[0m kvim3_android_envsetup"; kvim3_android_envsetup; echo -e "\033[1;36mrun\033[0m PATH=/opt/toolchains/gcc-linaro-6.3.1-2017.02-x86_64_arm-linux-gnueabihf/bin:/opt/toolchains/gcc-linaro-6.3.1-2017.02-x86_64_aarch64-linux-gnu/bin:/home/igsong/.local/bin:/home/igsong/bin:/usr/local/sbin:/usr/local/bin:/usr/sbin:/usr/bin:/sbin:/bin:/usr/games:/usr/local/games:/snap/bin make otapackage -C ${ANDROID_BUILD_TOP} -j12"; PATH=/opt/toolchains/gcc-linaro-6.3.1-2017.02-x86_64_arm-linux-gnueabihf/bin:/opt/toolchains/gcc-linaro-6.3.1-2017.02-x86_64_aarch64-linux-gnu/bin:/home/igsong/.local/bin:/home/igsong/bin:/usr/local/sbin:/usr/local/bin:/usr/sbin:/usr/bin:/sbin:/bin:/usr/games:/usr/local/games:/snap/bin make otapackage -C ${ANDROID_BUILD_TOP} -j12; }
function kvim3_android_build_uboot() { echo -e "\033[1;36mrun\033[0m kvim3_android_envsetup"; kvim3_android_envsetup; echo -e "\033[1;36mrun\033[0m cd ${ANDROID_BUILD_TOP}/bootloader/uboot"; cd ${ANDROID_BUILD_TOP}/bootloader/uboot; echo -e "\033[1;36mrun\033[0m PATH=/opt/toolchains/gcc-arm-none-eabi-6-2017-q2-update/bin:/opt/toolchains/gcc-linaro-aarch64-none-elf-4.8-2013.11_linux/bin:/home/igsong/.local/bin:/home/igsong/bin:/usr/local/sbin:/usr/local/bin:/usr/sbin:/usr/bin:/sbin:/bin:/usr/games:/usr/local/games:/snap/bin ./mk kvim3"; PATH=/opt/toolchains/gcc-arm-none-eabi-6-2017-q2-update/bin:/opt/toolchains/gcc-linaro-aarch64-none-elf-4.8-2013.11_linux/bin:/home/igsong/.local/bin:/home/igsong/bin:/usr/local/sbin:/usr/local/bin:/usr/sbin:/usr/bin:/sbin:/bin:/usr/games:/usr/local/games:/snap/bin ./mk kvim3; echo -e "\033[1;36mrun\033[0m cd -"; cd -; }
function kvim3_android_envsetup() { echo -e "\033[1;36mrun\033[0m (bs_is_declared ANDROID_BUILD_TOP) && return"; (bs_is_declared ANDROID_BUILD_TOP) && return; echo -e "\033[1;36mrun\033[0m source build/envsetup.sh"; source build/envsetup.sh; echo -e "\033[1;36mrun\033[0m lunch kvim3-userdebug"; lunch kvim3-userdebug; }
function kvim3_android_fastboot_android() { echo -e "\033[1;36mrun\033[0m kvim3_android_envsetup"; kvim3_android_envsetup; echo -e "\033[1;36mrun\033[0m fastboot flash boot ${ANDROID_PRODUCT_OUT}/boot.img"; fastboot flash boot ${ANDROID_PRODUCT_OUT}/boot.img; echo -e "\033[1;36mrun\033[0m fastboot flash super ${ANDROID_PRODUCT_OUT}/super.img"; fastboot flash super ${ANDROID_PRODUCT_OUT}/super.img; echo -e "\033[1;36mrun\033[0m fastboot flash cache ${ANDROID_PRODUCT_OUT}/cache.img"; fastboot flash cache ${ANDROID_PRODUCT_OUT}/cache.img; echo -e "\033[1;36mrun\033[0m fastboot flash userdata ${ANDROID_PRODUCT_OUT}/userdata.img"; fastboot flash userdata ${ANDROID_PRODUCT_OUT}/userdata.img; echo -e "\033[1;36mrun\033[0m fastboot flash recovery ${ANDROID_PRODUCT_OUT}/recovery.img"; fastboot flash recovery ${ANDROID_PRODUCT_OUT}/recovery.img; echo -e "\033[1;36mrun\033[0m fastboot flash dtbo ${ANDROID_PRODUCT_OUT}/dtbo-unsigned.img"; fastboot flash dtbo ${ANDROID_PRODUCT_OUT}/dtbo-unsigned.img; echo -e "\033[1;36mrun\033[0m fastboot reboot"; fastboot reboot; }
function kvim3_android_fastboot_bootloader() { echo -e "\033[1;36mrun\033[0m kvim3_android_envsetup"; kvim3_android_envsetup; echo -e "\033[1;36mrun\033[0m fastboot oem format"; fastboot oem format; echo -e "\033[1;36mrun\033[0m fastboot flash bootloader ${ANDROID_BUILD_TOP}/bootloader/uboot/build/u-boot.bin"; fastboot flash bootloader ${ANDROID_BUILD_TOP}/bootloader/uboot/build/u-boot.bin; echo -e "\033[1;36mrun\033[0m fastboot erase bootenv"; fastboot erase bootenv; echo -e "\033[1;36mrun\033[0m fastboot reboot bootloader"; fastboot reboot bootloader; }
function kvim3_android_fetch_android_pie() { echo -e "\033[1;36mrun\033[0m echo \033[1;31mgoing to fetch current directory in 7 sec...; sleep 7\033[0m"; echo \033[1;31mgoing to fetch current directory in 7 sec...; sleep 7\033[0m; echo -e "\033[1;36mrun\033[0m repo init -u https://github.com/khadas/android_manifest.git -b khadas-vim3-p-64bit"; repo init -u https://github.com/khadas/android_manifest.git -b khadas-vim3-p-64bit; echo -e "\033[1;36mrun\033[0m repo sync -j12"; repo sync -j12; echo -e "\033[1;36mrun\033[0m cd device/khadas/ && git lfs pull && cd -"; cd device/khadas/ && git lfs pull && cd -; echo -e "\033[1;36mrun\033[0m repo start khadas-vim3-p-64bit --all"; repo start khadas-vim3-p-64bit --all; }
function kvim3_android_fetch_khadas_utils() { echo -e "\033[1;36mrun\033[0m kvim3_android_envsetup"; kvim3_android_envsetup; echo -e "\033[1;36mrun\033[0m cd ${ANDROID_BUILD_TOP}/vendor/amlogic"; cd ${ANDROID_BUILD_TOP}/vendor/amlogic; echo -e "\033[1;36mrun\033[0m git clone https://github.com/khadas/utils"; git clone https://github.com/khadas/utils; echo -e "\033[1;36mrun\033[0m cd utils"; cd utils; echo -e "\033[1;36mrun\033[0m ./INSTALL"; ./INSTALL; echo -e "\033[1;36mrun\033[0m cd ${ANDROID_BUILD_TOP}"; cd ${ANDROID_BUILD_TOP}; }
function kvim3_android_fetch_toolchains() { echo -e "\033[1;36mrun\033[0m (bs_is_dir /opt/toolchains) || sudo mkdir /opt/toolchains"; (bs_is_dir /opt/toolchains) || sudo mkdir /opt/toolchains; echo -e "\033[1;36mrun\033[0m (bs_is_dir /opt/toolchains/gcc-arm-none-eabi-6-2017-q2-update) || curl -L https://developer.arm.com/-/media/Files/downloads/gnu-rm/6-2017q2/gcc-arm-none-eabi-6-2017-q2-update-linux.tar.bz2 | sudo tar xjf - -C /opt/toolchains"; (bs_is_dir /opt/toolchains/gcc-arm-none-eabi-6-2017-q2-update) || curl -L https://developer.arm.com/-/media/Files/downloads/gnu-rm/6-2017q2/gcc-arm-none-eabi-6-2017-q2-update-linux.tar.bz2 | sudo tar xjf - -C /opt/toolchains; echo -e "\033[1;36mrun\033[0m (bs_is_dir /opt/toolchains/gcc-linaro-aarch64-none-elf-4.8-2013.11_linux) || curl -L https://releases.linaro.org/archive/13.11/components/toolchain/binaries/gcc-linaro-aarch64-none-elf-4.8-2013.11_linux.tar.bz2 | sudo tar xjf - -C /opt/toolchains"; (bs_is_dir /opt/toolchains/gcc-linaro-aarch64-none-elf-4.8-2013.11_linux) || curl -L https://releases.linaro.org/archive/13.11/components/toolchain/binaries/gcc-linaro-aarch64-none-elf-4.8-2013.11_linux.tar.bz2 | sudo tar xjf - -C /opt/toolchains; echo -e "\033[1;36mrun\033[0m (bs_is_dir /opt/toolchains/gcc-linaro-6.3.1-2017.02-x86_64_arm-linux-gnueabihf) || curl -L https://releases.linaro.org/components/toolchain/binaries/6.3-2017.02/arm-linux-gnueabihf/gcc-linaro-6.3.1-2017.02-x86_64_arm-linux-gnueabihf.tar.xz | sudo tar xvJf - -C /opt/toolchains"; (bs_is_dir /opt/toolchains/gcc-linaro-6.3.1-2017.02-x86_64_arm-linux-gnueabihf) || curl -L https://releases.linaro.org/components/toolchain/binaries/6.3-2017.02/arm-linux-gnueabihf/gcc-linaro-6.3.1-2017.02-x86_64_arm-linux-gnueabihf.tar.xz | sudo tar xvJf - -C /opt/toolchains; echo -e "\033[1;36mrun\033[0m (bs_is_dir /opt/toolchains/gcc-linaro-6.3.1-2017.02-x86_64_aarch64-linux-gnu) || curl -L https://releases.linaro.org/components/toolchain/binaries/6.3-2017.02/aarch64-linux-gnu/gcc-linaro-6.3.1-2017.02-x86_64_aarch64-linux-gnu.tar.xz | sudo tar xvJf - -C /opt/toolchains"; (bs_is_dir /opt/toolchains/gcc-linaro-6.3.1-2017.02-x86_64_aarch64-linux-gnu) || curl -L https://releases.linaro.org/components/toolchain/binaries/6.3-2017.02/aarch64-linux-gnu/gcc-linaro-6.3.1-2017.02-x86_64_aarch64-linux-gnu.tar.xz | sudo tar xvJf - -C /opt/toolchains; }
function kvim3_android_flash_update_img() { echo -e "\033[1;36mrun\033[0m kvim3_android_envsetup"; kvim3_android_envsetup; echo -e "\033[1;36mrun\033[0m aml-burn-tool -b VIM3 -i ${ANDROID_PRODUCT_OUT}/update.img"; aml-burn-tool -b VIM3 -i ${ANDROID_PRODUCT_OUT}/update.img; }
[1;36mAvailable Targets:[0m
  [1;34mkvim3_android_fetch_toolchains[0m
    : fetch uboot/kernel toolchains
  [1;34mkvim3_android_fetch_khadas_utils[0m
    : install khadas utils for burning update.img
  [1;34mkvim3_android_build_uboot[0m
    : build uboot
  [1;34mkvim3_android_fastboot_android[0m
    : fastboot android
  [1;34mkvim3_android_fastboot_bootloader[0m
    : fastboot bootloader
  [1;34mkvim3_android_build_otapackage[0m
    : build otapackage
  [1;34mkvim3_android_flash_update_img[0m
    : flash update.img
  [1;34mkvim3_android_build_kernel[0m
    : build kernel
  [1;34mkvim3_android_fetch_android_pie[0m
    : fetch khadas android pie
  [1;34mkvim3_android_build_android[0m
    : build android
  [1;34mkvim3_android_envsetup[0m
    : source envsetup.sh and lunch
